Arguments: 
  /usr/local/share/nvm/versions/node/v16.18.1/bin/node /usr/share/yarn/bin/yarn.js

PATH: 
  /home/codespace/.local/bin:/home/codespace/.dotnet:/home/codespace/nvm/current/bin:/home/codespace/.php/current/bin:/home/codespace/.python/current/bin:/home/codespace/java/current/bin:/home/codespace/.ruby/current/bin:/home/codespace/.local/bin:/usr/local/oryx:/usr/local/go/bin:/go/bin:/usr/local/sdkman/bin:/usr/local/sdkman/candidates/java/current/bin:/usr/local/sdkman/candidates/gradle/current/bin:/usr/local/sdkman/candidates/maven/current/bin:/usr/local/rvm/gems/default/bin:/usr/local/rvm/gems/default@global/bin:/usr/local/rvm/rubies/default/bin:/usr/local/share/rbenv/bin:/opt/conda/bin:/usr/local/php/current/bin:/usr/local/python/current/bin:/usr/local/py-utils/bin:/usr/local/nvs:/usr/local/share/nvm/current/bin:/usr/local/hugo/bin:/usr/local/dotnet/current:/usr/local/sbin:/usr/local/bin:/usr/sbin:/usr/bin:/sbin:/bin:/home/codespace/.dotnet/tools:/usr/local/rvm/bin

Yarn version: 
  1.22.19

Node version: 
  16.18.1

Platform: 
  linux x64

Trace: 
  SyntaxError: /workspaces/FireChatRN/package.json: Unexpected token } in JSON at position 1546
      at JSON.parse (<anonymous>)
      at /usr/share/yarn/lib/cli.js:1629:59
      at Generator.next (<anonymous>)
      at step (/usr/share/yarn/lib/cli.js:310:30)
      at /usr/share/yarn/lib/cli.js:321:13

npm manifest: 
  {
    "name": "firechatrn",
    "version": "1.0.0",
    "main": "node_modules/expo/AppEntry.js",
    "scripts": {
      "start": "expo start",
      "android": "expo start --android",
      "ios": "expo start --ios",
      "web": "expo start --web"
    },
    "dependencies": {
      "@expo/config-plugins": "^5.0.4",
      "@expo/prebuild-config": "^5.0.5",
      "@fortawesome/fontawesome-svg-core": "^6.2.1",
      "@fortawesome/free-solid-svg-icons": "^6.2.1",
      "@fortawesome/react-native-fontawesome": "^0.3.0",
      "@react-native-community/blur": "^4.3.0",
      "@react-navigation/drawer": "^6.5.7",
      "@react-navigation/material-top-tabs": "^6.5.2",
      "@react-navigation/native": "^6.0.16",
      "@react-navigation/native-stack": "^6.9.4",
      "eas-cli": "^2.8.0",
      "expo": "~47.0.8",
      "expo-app-auth": "~11.1.0",
      "expo-av": "~13.0.2",
      "expo-device": "~5.0.0",
      "expo-google-app-auth": "~8.3.0",
      "expo-notifications": "~0.17.0",
      "expo-status-bar": "~1.4.2",
      "expo-system-ui": "~2.0.1",
      "expo-updates": "~0.15.6",
      "firebase": "^9.14.0",
      "react": "18.1.0",
      "react-dom": "18.1.0",
      "react-firebase-hooks": "^5.1.1",
      "react-native": "0.70.5",
      "react-native-google-signin": "^2.1.1",
      "react-native-safe-area-context": "4.4.1",
      "react-native-screens": "~3.18.0",
      "react-native-svg": "13.4.0",
      "react-native-web": "~0.18.9",
      "react-native-webview": "11.23.1",
      "react-native-youtube-iframe": "^2.2.2",
      "react-redux": "^8.0.5",
      "readable-stream": "^4.3.0",
      "stream": "^0.0.2",
    },
    "devDependencies": {
      "@babel/core": "^7.12.9",
      "@types/react": "~18.0.14",
      "@types/react-native": "~0.70.6",
      "typescript": "^4.6.3"
    },
    "private": true
  }

yarn manifest: 
  No manifest

Lockfile: 
  No lockfile
